[2021-06-16T12:30:06.368] [INFO] default - 1623826806368:INFO: items-dao-cloudant.getDbConnection(): Initializing Cloudant connection...
[2021-06-16T12:30:06.619] [INFO] default - 1623826806619:INFO: lists-dao-cloudant.getDbConnection(): Initializing Cloudant connection...
[2021-06-16T12:30:10.576] [INFO] default - 1623826810576:INFO: Connect success! Connected to DB: shopping_list
[2021-06-16T12:30:10.579] [INFO] default - 1623826810579:INFO: lists-dao-cloudant.getDbConnection(): Cloudant connection initialized.
[2021-06-16T12:30:10.607] [INFO] default - 1623826810607:INFO: Connect success! Connected to DB: shopping_list
[2021-06-16T12:30:10.896] [INFO] default - 1623826810896:INFO: items-dao-cloudant.getDbConnection(): Cloudant connection initialized.
[2021-06-16T12:44:49.378] [INFO] default - 1623827689378:INFO: items-dao-cloudant.getDbConnection(): Initializing Cloudant connection...
[2021-06-16T12:44:49.572] [INFO] default - 1623827689572:INFO: lists-dao-cloudant.getDbConnection(): Initializing Cloudant connection...
[2021-06-16T12:44:53.339] [INFO] default - 1623827693339:INFO: Connect success! Connected to DB: material
[2021-06-16T12:44:53.341] [INFO] default - 1623827693341:INFO: lists-dao-cloudant.getDbConnection(): Cloudant connection initialized.
[2021-06-16T12:44:53.351] [INFO] default - 1623827693351:INFO: Connect success! Connected to DB: material
[2021-06-16T12:44:53.817] [INFO] default - 1623827693817:INFO: items-dao-cloudant.getDbConnection(): Cloudant connection initialized.
[2021-06-16T12:50:56.013] [INFO] default - 1623828056013:INFO: items-dao-cloudant.getDbConnection(): Initializing Cloudant connection...
[2021-06-16T12:50:56.258] [INFO] default - 1623828056258:INFO: lists-dao-cloudant.getDbConnection(): Initializing Cloudant connection...
[2021-06-16T12:51:00.202] [INFO] default - 1623828060202:INFO: Connect success! Connected to DB: material
[2021-06-16T12:51:00.204] [INFO] default - 1623828060204:INFO: lists-dao-cloudant.getDbConnection(): Cloudant connection initialized.
[2021-06-16T12:51:00.210] [INFO] default - 1623828060210:INFO: Connect success! Connected to DB: material
[2021-06-16T12:51:00.212] [INFO] default - 1623828060211:INFO: items-dao-cloudant.getDbConnection(): Cloudant connection initialized.
[2021-06-16T13:01:53.301] [INFO] default - 1623828713301:INFO: items-dao-cloudant.getDbConnection(): Initializing Cloudant connection...
[2021-06-16T13:01:53.474] [INFO] default - 1623828713474:INFO: lists-dao-cloudant.getDbConnection(): Initializing Cloudant connection...
[2021-06-16T13:01:57.306] [INFO] default - 1623828717306:INFO: Connect success! Connected to DB: material
[2021-06-16T13:01:57.310] [INFO] default - 1623828717310:INFO: items-dao-cloudant.getDbConnection(): Cloudant connection initialized.
[2021-06-16T13:01:57.313] [INFO] default - 1623828717313:INFO: Connect success! Connected to DB: material
[2021-06-16T13:01:57.314] [INFO] default - 1623828717314:INFO: lists-dao-cloudant.getDbConnection(): Cloudant connection initialized.
[2021-06-16T16:25:10.348] [INFO] default - 1623840910348:INFO: items-dao-cloudant.getDbConnection(): Initializing Cloudant connection...
[2021-06-16T16:25:10.747] [INFO] default - 1623840910747:INFO: lists-dao-cloudant.getDbConnection(): Initializing Cloudant connection...
[2021-06-16T16:25:14.673] [INFO] default - 1623840914673:INFO: Connect success! Connected to DB: material
[2021-06-16T16:25:14.675] [INFO] default - 1623840914675:INFO: items-dao-cloudant.getDbConnection(): Cloudant connection initialized.
[2021-06-16T16:25:14.687] [INFO] default - 1623840914687:INFO: Connect success! Connected to DB: material
[2021-06-16T16:25:14.797] [INFO] default - 1623840914797:INFO: lists-dao-cloudant.getDbConnection(): Cloudant connection initialized.
[2021-06-16T16:27:57.486] [INFO] default - 1623841077486:INFO: items-dao-cloudant.getDbConnection(): Initializing Cloudant connection...
[2021-06-16T16:27:57.646] [INFO] default - 1623841077646:INFO: lists-dao-cloudant.getDbConnection(): Initializing Cloudant connection...
[2021-06-16T16:28:01.519] [INFO] default - 1623841081519:INFO: Connect success! Connected to DB: material
[2021-06-16T16:28:01.522] [INFO] default - 1623841081522:INFO: items-dao-cloudant.getDbConnection(): Cloudant connection initialized.
[2021-06-16T16:28:01.639] [INFO] default - 1623841081639:INFO: Connect success! Connected to DB: material
[2021-06-16T16:28:01.642] [INFO] default - 1623841081642:INFO: lists-dao-cloudant.getDbConnection(): Cloudant connection initialized.
[2021-06-17T11:56:56.553] [INFO] default - 1623911216552:INFO: items-dao-cloudant.getDbConnection(): Initializing Cloudant connection...
[2021-06-17T11:56:57.091] [INFO] default - 1623911217091:INFO: lists-dao-cloudant.getDbConnection(): Initializing Cloudant connection...
[2021-06-17T11:57:00.960] [INFO] default - 1623911220960:INFO: Connect success! Connected to DB: material
[2021-06-17T11:57:00.962] [INFO] default - 1623911220962:INFO: lists-dao-cloudant.getDbConnection(): Cloudant connection initialized.
[2021-06-17T11:57:00.971] [INFO] default - 1623911220971:INFO: Connect success! Connected to DB: material
[2021-06-17T11:57:01.110] [INFO] default - 1623911221110:INFO: items-dao-cloudant.getDbConnection(): Cloudant connection initialized.
[2021-06-17T12:02:50.340] [INFO] default - 1623911570339:INFO: items-dao-cloudant.getDbConnection(): Initializing Cloudant connection...
[2021-06-17T12:02:50.524] [INFO] default - 1623911570524:INFO: lists-dao-cloudant.getDbConnection(): Initializing Cloudant connection...
[2021-06-17T12:02:54.411] [INFO] default - 1623911574411:INFO: Connect success! Connected to DB: material
[2021-06-17T12:02:54.412] [INFO] default - 1623911574412:INFO: lists-dao-cloudant.getDbConnection(): Cloudant connection initialized.
[2021-06-17T12:02:54.434] [INFO] default - 1623911574434:INFO: Connect success! Connected to DB: material
[2021-06-17T12:02:54.576] [INFO] default - 1623911574576:INFO: items-dao-cloudant.getDbConnection(): Cloudant connection initialized.
[2021-06-17T12:04:00.570] [INFO] default - 1623911640570:INFO: items-dao-cloudant.getDbConnection(): Initializing Cloudant connection...
[2021-06-17T12:04:00.823] [INFO] default - 1623911640823:INFO: lists-dao-cloudant.getDbConnection(): Initializing Cloudant connection...
[2021-06-17T12:04:04.795] [INFO] default - 1623911644795:INFO: Connect success! Connected to DB: material
[2021-06-17T12:04:04.812] [INFO] default - 1623911644812:INFO: items-dao-cloudant.getDbConnection(): Cloudant connection initialized.
[2021-06-17T12:04:04.816] [INFO] default - 1623911644816:INFO: Connect success! Connected to DB: material
[2021-06-17T12:04:04.817] [INFO] default - 1623911644817:INFO: lists-dao-cloudant.getDbConnection(): Cloudant connection initialized.
[2021-06-17T12:04:36.598] [INFO] default - 1623911676598:INFO: items-dao-cloudant.getDbConnection(): Initializing Cloudant connection...
[2021-06-17T12:04:36.900] [INFO] default - 1623911676900:INFO: lists-dao-cloudant.getDbConnection(): Initializing Cloudant connection...
[2021-06-17T12:04:40.933] [INFO] default - 1623911680933:INFO: Connect success! Connected to DB: material
[2021-06-17T12:04:40.935] [INFO] default - 1623911680935:INFO: lists-dao-cloudant.getDbConnection(): Cloudant connection initialized.
[2021-06-17T12:04:40.940] [INFO] default - 1623911680940:INFO: Connect success! Connected to DB: material
[2021-06-17T12:04:41.063] [INFO] default - 1623911681063:INFO: items-dao-cloudant.getDbConnection(): Cloudant connection initialized.
[2021-06-17T12:09:13.636] [INFO] default - 1623911953636:INFO: items-dao-cloudant.getDbConnection(): Initializing Cloudant connection...
[2021-06-17T12:09:13.801] [INFO] default - 1623911953801:INFO: lists-dao-cloudant.getDbConnection(): Initializing Cloudant connection...
[2021-06-17T12:09:17.649] [INFO] default - 1623911957649:INFO: Connect success! Connected to DB: material
[2021-06-17T12:09:17.650] [INFO] default - 1623911957650:INFO: items-dao-cloudant.getDbConnection(): Cloudant connection initialized.
[2021-06-17T12:09:17.675] [INFO] default - 1623911957675:INFO: Connect success! Connected to DB: material
[2021-06-17T12:09:17.719] [INFO] default - 1623911957719:INFO: lists-dao-cloudant.getDbConnection(): Cloudant connection initialized.
[2021-06-17T12:10:56.092] [INFO] default - 1623912056092:INFO: items-dao-cloudant.getDbConnection(): Initializing Cloudant connection...
[2021-06-17T12:10:56.234] [INFO] default - 1623912056233:INFO: lists-dao-cloudant.getDbConnection(): Initializing Cloudant connection...
[2021-06-17T12:10:59.996] [INFO] default - 1623912059996:INFO: Connect success! Connected to DB: material
[2021-06-17T12:10:59.997] [INFO] default - 1623912059997:INFO: items-dao-cloudant.getDbConnection(): Cloudant connection initialized.
[2021-06-17T12:11:00.053] [INFO] default - 1623912060053:INFO: Connect success! Connected to DB: material
[2021-06-17T12:11:00.058] [INFO] default - 1623912060058:INFO: lists-dao-cloudant.getDbConnection(): Cloudant connection initialized.
[2021-06-17T13:28:27.860] [INFO] default - 1623916707860:INFO: items-dao-cloudant.getDbConnection(): Initializing Cloudant connection...
[2021-06-17T13:28:28.229] [INFO] default - 1623916708229:INFO: lists-dao-cloudant.getDbConnection(): Initializing Cloudant connection...
[2021-06-17T13:28:32.101] [INFO] default - 1623916712101:INFO: Connect success! Connected to DB: material
[2021-06-17T13:28:32.103] [INFO] default - 1623916712103:INFO: items-dao-cloudant.getDbConnection(): Cloudant connection initialized.
[2021-06-17T13:28:32.106] [INFO] default - 1623916712106:INFO: Connect success! Connected to DB: material
[2021-06-17T13:28:32.316] [INFO] default - 1623916712316:INFO: lists-dao-cloudant.getDbConnection(): Cloudant connection initialized.
[2021-06-17T13:30:32.835] [INFO] default - 1623916832835:INFO: items-dao-cloudant.getDbConnection(): Initializing Cloudant connection...
[2021-06-17T13:30:32.998] [INFO] default - 1623916832998:INFO: lists-dao-cloudant.getDbConnection(): Initializing Cloudant connection...
[2021-06-17T13:30:36.806] [INFO] default - 1623916836806:INFO: Connect success! Connected to DB: material
[2021-06-17T13:30:36.807] [INFO] default - 1623916836807:INFO: items-dao-cloudant.getDbConnection(): Cloudant connection initialized.
[2021-06-17T13:30:36.833] [INFO] default - 1623916836833:INFO: Connect success! Connected to DB: material
[2021-06-17T13:30:36.997] [INFO] default - 1623916836997:INFO: lists-dao-cloudant.getDbConnection(): Cloudant connection initialized.
[2021-06-17T13:32:13.475] [INFO] default - 1623916933474:INFO: items-dao-cloudant.getDbConnection(): Initializing Cloudant connection...
[2021-06-17T13:32:13.612] [INFO] default - 1623916933612:INFO: lists-dao-cloudant.getDbConnection(): Initializing Cloudant connection...
[2021-06-17T13:32:17.357] [INFO] default - 1623916937357:INFO: Connect success! Connected to DB: material
[2021-06-17T13:32:17.360] [INFO] default - 1623916937360:INFO: lists-dao-cloudant.getDbConnection(): Cloudant connection initialized.
[2021-06-17T13:32:17.362] [INFO] default - 1623916937362:INFO: Connect success! Connected to DB: material
[2021-06-17T13:32:17.523] [INFO] default - 1623916937523:INFO: items-dao-cloudant.getDbConnection(): Cloudant connection initialized.
[2021-06-17T13:35:22.729] [INFO] default - 1623917122729:INFO: items-dao-cloudant.getDbConnection(): Initializing Cloudant connection...
[2021-06-17T13:35:23.049] [INFO] default - 1623917123049:INFO: lists-dao-cloudant.getDbConnection(): Initializing Cloudant connection...
[2021-06-17T13:35:26.897] [INFO] default - 1623917126897:INFO: Connect success! Connected to DB: material
[2021-06-17T13:35:26.899] [INFO] default - 1623917126899:INFO: lists-dao-cloudant.getDbConnection(): Cloudant connection initialized.
[2021-06-17T13:35:26.944] [INFO] default - 1623917126944:INFO: Connect success! Connected to DB: material
[2021-06-17T13:35:27.104] [INFO] default - 1623917127104:INFO: items-dao-cloudant.getDbConnection(): Cloudant connection initialized.
[2021-06-17T13:38:14.787] [ERROR] default - 1623917294787:ERROR: findById(): Error occurred: error happened in your connection
[2021-06-17T13:45:20.622] [INFO] default - 1623917720618:INFO: items-dao-cloudant.getDbConnection(): Initializing Cloudant connection...
[2021-06-17T13:45:20.788] [INFO] default - 1623917720788:INFO: lists-dao-cloudant.getDbConnection(): Initializing Cloudant connection...
[2021-06-17T13:45:26.969] [INFO] default - 1623917726969:INFO: Connect success! Connected to DB: material
[2021-06-17T13:45:26.973] [INFO] default - 1623917726973:INFO: items-dao-cloudant.getDbConnection(): Cloudant connection initialized.
[2021-06-17T13:45:27.086] [INFO] default - 1623917727086:INFO: Connect success! Connected to DB: material
[2021-06-17T13:45:27.184] [INFO] default - 1623917727184:INFO: lists-dao-cloudant.getDbConnection(): Cloudant connection initialized.
[2021-06-17T13:56:04.903] [INFO] default - 1623918364903:INFO: items-dao-cloudant.getDbConnection(): Initializing Cloudant connection...
[2021-06-17T13:56:05.288] [INFO] default - 1623918365288:INFO: lists-dao-cloudant.getDbConnection(): Initializing Cloudant connection...
[2021-06-17T13:56:12.581] [INFO] default - 1623918372581:INFO: Connect success! Connected to DB: material
[2021-06-17T13:56:12.582] [INFO] default - 1623918372582:INFO: lists-dao-cloudant.getDbConnection(): Cloudant connection initialized.
[2021-06-17T13:56:12.584] [INFO] default - 1623918372584:INFO: Connect success! Connected to DB: material
[2021-06-17T13:56:12.819] [INFO] default - 1623918372818:INFO: items-dao-cloudant.getDbConnection(): Cloudant connection initialized.
[2021-06-17T14:07:46.912] [INFO] default - 1623919066912:INFO: items-dao-cloudant.getDbConnection(): Initializing Cloudant connection...
[2021-06-17T14:07:47.075] [INFO] default - 1623919067075:INFO: lists-dao-cloudant.getDbConnection(): Initializing Cloudant connection...
[2021-06-17T14:07:53.107] [INFO] default - 1623919073107:INFO: Connect success! Connected to DB: material
[2021-06-17T14:07:53.109] [INFO] default - 1623919073109:INFO: items-dao-cloudant.getDbConnection(): Cloudant connection initialized.
[2021-06-17T14:07:53.126] [INFO] default - 1623919073126:INFO: Connect success! Connected to DB: material
[2021-06-17T14:07:53.251] [INFO] default - 1623919073251:INFO: lists-dao-cloudant.getDbConnection(): Cloudant connection initialized.
[2021-06-17T15:09:11.628] [INFO] default - 1623922751627:INFO: items-dao-cloudant.getDbConnection(): Initializing Cloudant connection...
[2021-06-17T15:09:12.204] [INFO] default - 1623922752204:INFO: lists-dao-cloudant.getDbConnection(): Initializing Cloudant connection...
[2021-06-17T15:09:20.077] [INFO] default - 1623922760077:INFO: Connect success! Connected to DB: material
[2021-06-17T15:09:20.078] [INFO] default - 1623922760078:INFO: lists-dao-cloudant.getDbConnection(): Cloudant connection initialized.
[2021-06-17T15:09:20.091] [INFO] default - 1623922760091:INFO: Connect success! Connected to DB: material
[2021-06-17T15:09:20.174] [INFO] default - 1623922760174:INFO: items-dao-cloudant.getDbConnection(): Cloudant connection initialized.
[2021-06-17T15:12:15.956] [INFO] default - 1623922935956:INFO: items-dao-cloudant.getDbConnection(): Initializing Cloudant connection...
[2021-06-17T15:12:16.167] [INFO] default - 1623922936167:INFO: lists-dao-cloudant.getDbConnection(): Initializing Cloudant connection...
[2021-06-17T15:12:22.119] [INFO] default - 1623922942119:INFO: Connect success! Connected to DB: material
[2021-06-17T15:12:22.122] [INFO] default - 1623922942122:INFO: items-dao-cloudant.getDbConnection(): Cloudant connection initialized.
[2021-06-17T15:12:22.241] [INFO] default - 1623922942241:INFO: Connect success! Connected to DB: material
[2021-06-17T15:12:22.339] [INFO] default - 1623922942339:INFO: lists-dao-cloudant.getDbConnection(): Cloudant connection initialized.
[2021-06-17T15:17:28.302] [INFO] default - 1623923248301:INFO: items-dao-cloudant.getDbConnection(): Initializing Cloudant connection...
[2021-06-17T15:17:28.461] [INFO] default - 1623923248461:INFO: lists-dao-cloudant.getDbConnection(): Initializing Cloudant connection...
[2021-06-17T15:17:34.473] [INFO] default - 1623923254473:INFO: Connect success! Connected to DB: material
[2021-06-17T15:17:34.475] [INFO] default - 1623923254475:INFO: lists-dao-cloudant.getDbConnection(): Cloudant connection initialized.
[2021-06-17T15:17:34.548] [INFO] default - 1623923254548:INFO: Connect success! Connected to DB: material
[2021-06-17T15:17:34.550] [INFO] default - 1623923254550:INFO: items-dao-cloudant.getDbConnection(): Cloudant connection initialized.
[2021-06-17T15:35:40.583] [INFO] default - 1623924340582:INFO: items-dao-cloudant.getDbConnection(): Initializing Cloudant connection...
[2021-06-17T15:35:40.862] [INFO] default - 1623924340862:INFO: lists-dao-cloudant.getDbConnection(): Initializing Cloudant connection...
[2021-06-17T15:35:49.254] [INFO] default - 1623924349254:INFO: Connect success! Connected to DB: material
[2021-06-17T15:35:49.262] [INFO] default - 1623924349262:INFO: lists-dao-cloudant.getDbConnection(): Cloudant connection initialized.
[2021-06-17T15:35:49.472] [INFO] default - 1623924349471:INFO: Connect success! Connected to DB: material
[2021-06-17T15:35:49.561] [INFO] default - 1623924349561:INFO: items-dao-cloudant.getDbConnection(): Cloudant connection initialized.
[2021-06-17T15:40:41.378] [INFO] default - 1623924641377:INFO: items-dao-cloudant.getDbConnection(): Initializing Cloudant connection...
[2021-06-17T15:40:41.611] [INFO] default - 1623924641611:INFO: lists-dao-cloudant.getDbConnection(): Initializing Cloudant connection...
[2021-06-17T15:40:51.928] [INFO] default - 1623924651928:INFO: Connect success! Connected to DB: material
[2021-06-17T15:40:51.934] [INFO] default - 1623924651934:INFO: lists-dao-cloudant.getDbConnection(): Cloudant connection initialized.
[2021-06-17T15:40:52.094] [INFO] default - 1623924652094:INFO: Connect success! Connected to DB: material
[2021-06-17T15:40:52.097] [INFO] default - 1623924652097:INFO: items-dao-cloudant.getDbConnection(): Cloudant connection initialized.
[2021-06-17T15:50:28.268] [INFO] default - 1623925228268:INFO: items-dao-cloudant.getDbConnection(): Initializing Cloudant connection...
[2021-06-17T15:50:28.695] [INFO] default - 1623925228695:INFO: lists-dao-cloudant.getDbConnection(): Initializing Cloudant connection...
[2021-06-17T15:50:37.410] [INFO] default - 1623925237410:INFO: Connect success! Connected to DB: material
[2021-06-17T15:50:37.420] [INFO] default - 1623925237420:INFO: items-dao-cloudant.getDbConnection(): Cloudant connection initialized.
[2021-06-17T15:50:37.604] [INFO] default - 1623925237603:INFO: Connect success! Connected to DB: material
[2021-06-17T15:50:37.614] [INFO] default - 1623925237614:INFO: lists-dao-cloudant.getDbConnection(): Cloudant connection initialized.
[2021-06-17T15:52:42.037] [INFO] default - 1623925362037:INFO: items-dao-cloudant.getDbConnection(): Initializing Cloudant connection...
[2021-06-17T15:52:42.420] [INFO] default - 1623925362420:INFO: lists-dao-cloudant.getDbConnection(): Initializing Cloudant connection...
[2021-06-17T15:52:51.359] [INFO] default - 1623925371359:INFO: Connect success! Connected to DB: material
[2021-06-17T15:52:51.362] [INFO] default - 1623925371362:INFO: items-dao-cloudant.getDbConnection(): Cloudant connection initialized.
[2021-06-17T15:52:51.385] [INFO] default - 1623925371385:INFO: Connect success! Connected to DB: material
[2021-06-17T15:52:51.608] [INFO] default - 1623925371608:INFO: lists-dao-cloudant.getDbConnection(): Cloudant connection initialized.
[2021-06-17T16:10:04.415] [INFO] default - 1623926404414:INFO: items-dao-cloudant.getDbConnection(): Initializing Cloudant connection...
[2021-06-17T16:10:05.085] [INFO] default - 1623926405085:INFO: lists-dao-cloudant.getDbConnection(): Initializing Cloudant connection...
[2021-06-17T16:10:15.729] [INFO] default - 1623926415729:INFO: Connect success! Connected to DB: material
[2021-06-17T16:10:15.731] [INFO] default - 1623926415731:INFO: items-dao-cloudant.getDbConnection(): Cloudant connection initialized.
[2021-06-17T16:10:16.304] [INFO] default - 1623926416303:INFO: Connect success! Connected to DB: material
[2021-06-17T16:10:16.305] [INFO] default - 1623926416305:INFO: lists-dao-cloudant.getDbConnection(): Cloudant connection initialized.
[2021-06-17T16:13:20.390] [INFO] default - 1623926600390:INFO: items-dao-cloudant.getDbConnection(): Initializing Cloudant connection...
[2021-06-17T16:13:21.082] [INFO] default - 1623926601082:INFO: lists-dao-cloudant.getDbConnection(): Initializing Cloudant connection...
[2021-06-17T16:13:33.639] [INFO] default - 1623926613639:INFO: Connect success! Connected to DB: material
[2021-06-17T16:13:33.657] [INFO] default - 1623926613657:INFO: lists-dao-cloudant.getDbConnection(): Cloudant connection initialized.
[2021-06-17T16:13:33.661] [INFO] default - 1623926613660:INFO: Connect success! Connected to DB: material
[2021-06-17T16:13:34.047] [INFO] default - 1623926614047:INFO: items-dao-cloudant.getDbConnection(): Cloudant connection initialized.
[2021-06-17T16:41:18.513] [INFO] default - 1623928278513:INFO: items-dao-cloudant.getDbConnection(): Initializing Cloudant connection...
[2021-06-17T16:41:18.949] [INFO] default - 1623928278949:INFO: lists-dao-cloudant.getDbConnection(): Initializing Cloudant connection...
[2021-06-17T16:41:28.055] [INFO] default - 1623928288055:INFO: Connect success! Connected to DB: material
[2021-06-17T16:41:28.213] [INFO] default - 1623928288212:INFO: items-dao-cloudant.getDbConnection(): Cloudant connection initialized.
[2021-06-17T16:41:28.332] [INFO] default - 1623928288332:INFO: Connect success! Connected to DB: material
[2021-06-17T16:41:28.773] [INFO] default - 1623928288773:INFO: lists-dao-cloudant.getDbConnection(): Cloudant connection initialized.
[2021-06-17T20:00:04.013] [INFO] default - 1623940204013:INFO: items-dao-cloudant.getDbConnection(): Initializing Cloudant connection...
[2021-06-17T20:00:04.185] [INFO] default - 1623940204185:INFO: lists-dao-cloudant.getDbConnection(): Initializing Cloudant connection...
[2021-06-17T20:00:15.041] [INFO] default - 1623940215041:INFO: Connect success! Connected to DB: material
[2021-06-17T20:00:15.042] [INFO] default - 1623940215042:INFO: lists-dao-cloudant.getDbConnection(): Cloudant connection initialized.
[2021-06-17T20:00:15.087] [INFO] default - 1623940215087:INFO: Connect success! Connected to DB: material
[2021-06-17T20:00:15.089] [INFO] default - 1623940215089:INFO: items-dao-cloudant.getDbConnection(): Cloudant connection initialized.
[2021-06-17T20:04:03.498] [INFO] default - 1623940443497:INFO: items-dao-cloudant.getDbConnection(): Initializing Cloudant connection...
[2021-06-17T20:04:03.820] [INFO] default - 1623940443820:INFO: lists-dao-cloudant.getDbConnection(): Initializing Cloudant connection...
[2021-06-17T20:04:09.896] [INFO] default - 1623940449896:INFO: Connect success! Connected to DB: material
[2021-06-17T20:04:09.899] [INFO] default - 1623940449899:INFO: items-dao-cloudant.getDbConnection(): Cloudant connection initialized.
[2021-06-17T20:04:09.912] [INFO] default - 1623940449912:INFO: Connect success! Connected to DB: material
[2021-06-17T20:04:10.001] [INFO] default - 1623940450000:INFO: lists-dao-cloudant.getDbConnection(): Cloudant connection initialized.
[2021-06-17T20:07:56.579] [WARN] default - 1623940676579:WARN: findById(): Document id undefined does not exist.
[2021-06-17T20:18:26.119] [INFO] default - 1623941306119:INFO: items-dao-cloudant.getDbConnection(): Initializing Cloudant connection...
[2021-06-17T20:18:26.288] [INFO] default - 1623941306288:INFO: lists-dao-cloudant.getDbConnection(): Initializing Cloudant connection...
[2021-06-17T20:18:32.463] [INFO] default - 1623941312463:INFO: Connect success! Connected to DB: material
[2021-06-17T20:18:32.465] [INFO] default - 1623941312465:INFO: lists-dao-cloudant.getDbConnection(): Cloudant connection initialized.
[2021-06-17T20:18:32.497] [INFO] default - 1623941312497:INFO: Connect success! Connected to DB: material
[2021-06-17T20:18:32.680] [INFO] default - 1623941312680:INFO: items-dao-cloudant.getDbConnection(): Cloudant connection initialized.
[2021-06-17T20:21:37.186] [WARN] default - 1623941497186:WARN: findById(): Document id undefined does not exist.
[2021-06-18T10:40:16.360] [INFO] default - 1623993016359:INFO: items-dao-cloudant.getDbConnection(): Initializing Cloudant connection...
[2021-06-18T10:40:16.562] [INFO] default - 1623993016562:INFO: lists-dao-cloudant.getDbConnection(): Initializing Cloudant connection...
[2021-06-18T10:40:24.734] [INFO] default - 1623993024734:INFO: Connect success! Connected to DB: material
[2021-06-18T10:40:24.736] [INFO] default - 1623993024736:INFO: lists-dao-cloudant.getDbConnection(): Cloudant connection initialized.
[2021-06-18T10:40:24.826] [INFO] default - 1623993024826:INFO: Connect success! Connected to DB: material
[2021-06-18T10:40:25.001] [INFO] default - 1623993025001:INFO: items-dao-cloudant.getDbConnection(): Cloudant connection initialized.
[2021-06-18T11:27:26.661] [INFO] default - 1623995846660:INFO: items-dao-cloudant.getDbConnection(): Initializing Cloudant connection...
[2021-06-18T11:27:26.815] [INFO] default - 1623995846815:INFO: lists-dao-cloudant.getDbConnection(): Initializing Cloudant connection...
[2021-06-18T11:27:33.502] [INFO] default - 1623995853502:INFO: Connect success! Connected to DB: material
[2021-06-18T11:27:33.506] [INFO] default - 1623995853506:INFO: items-dao-cloudant.getDbConnection(): Cloudant connection initialized.
[2021-06-18T11:27:33.556] [INFO] default - 1623995853556:INFO: Connect success! Connected to DB: material
[2021-06-18T11:27:33.694] [INFO] default - 1623995853694:INFO: lists-dao-cloudant.getDbConnection(): Cloudant connection initialized.
[2021-06-18T11:28:27.070] [INFO] default - 1623995907070:INFO: items-dao-cloudant.getDbConnection(): Initializing Cloudant connection...
[2021-06-18T11:28:27.231] [INFO] default - 1623995907231:INFO: lists-dao-cloudant.getDbConnection(): Initializing Cloudant connection...
[2021-06-18T11:28:37.074] [INFO] default - 1623995917074:INFO: Connect success! Connected to DB: material
[2021-06-18T11:28:37.077] [INFO] default - 1623995917077:INFO: items-dao-cloudant.getDbConnection(): Cloudant connection initialized.
[2021-06-18T11:28:37.165] [INFO] default - 1623995917165:INFO: Connect success! Connected to DB: material
[2021-06-18T11:28:37.167] [INFO] default - 1623995917167:INFO: lists-dao-cloudant.getDbConnection(): Cloudant connection initialized.
[2021-06-18T11:37:09.936] [INFO] default - 1623996429934:INFO: items-dao-cloudant.getDbConnection(): Initializing Cloudant connection...
[2021-06-18T11:37:10.099] [INFO] default - 1623996430099:INFO: lists-dao-cloudant.getDbConnection(): Initializing Cloudant connection...
[2021-06-18T11:37:15.970] [INFO] default - 1623996435970:INFO: Connect success! Connected to DB: material
[2021-06-18T11:37:15.972] [INFO] default - 1623996435972:INFO: items-dao-cloudant.getDbConnection(): Cloudant connection initialized.
[2021-06-18T11:37:15.995] [INFO] default - 1623996435995:INFO: Connect success! Connected to DB: material
[2021-06-18T11:37:16.168] [INFO] default - 1623996436168:INFO: lists-dao-cloudant.getDbConnection(): Cloudant connection initialized.
[2021-06-18T11:39:17.133] [INFO] default - 1623996557132:INFO: items-dao-cloudant.getDbConnection(): Initializing Cloudant connection...
[2021-06-18T11:39:17.355] [INFO] default - 1623996557355:INFO: lists-dao-cloudant.getDbConnection(): Initializing Cloudant connection...
[2021-06-18T11:39:24.026] [INFO] default - 1623996564026:INFO: Connect success! Connected to DB: material
[2021-06-18T11:39:24.028] [INFO] default - 1623996564028:INFO: items-dao-cloudant.getDbConnection(): Cloudant connection initialized.
[2021-06-18T11:39:24.030] [INFO] default - 1623996564030:INFO: Connect success! Connected to DB: material
[2021-06-18T11:39:24.095] [INFO] default - 1623996564095:INFO: lists-dao-cloudant.getDbConnection(): Cloudant connection initialized.
[2021-06-18T12:27:43.035] [INFO] default - 1623999463034:INFO: items-dao-cloudant.getDbConnection(): Initializing Cloudant connection...
[2021-06-18T12:27:43.378] [INFO] default - 1623999463378:INFO: lists-dao-cloudant.getDbConnection(): Initializing Cloudant connection...
[2021-06-18T12:27:50.934] [INFO] default - 1623999470934:INFO: Connect success! Connected to DB: material
[2021-06-18T12:27:50.937] [INFO] default - 1623999470937:INFO: items-dao-cloudant.getDbConnection(): Cloudant connection initialized.
[2021-06-18T12:27:51.122] [INFO] default - 1623999471121:INFO: Connect success! Connected to DB: material
[2021-06-18T12:27:51.136] [INFO] default - 1623999471136:INFO: lists-dao-cloudant.getDbConnection(): Cloudant connection initialized.
[2021-06-18T16:19:43.746] [INFO] default - 1624013383745:INFO: items-dao-cloudant.getDbConnection(): Initializing Cloudant connection...
[2021-06-18T16:19:44.016] [INFO] default - 1624013384016:INFO: lists-dao-cloudant.getDbConnection(): Initializing Cloudant connection...
[2021-06-18T16:19:51.731] [INFO] default - 1624013391731:INFO: Connect success! Connected to DB: material
[2021-06-18T16:19:51.732] [INFO] default - 1624013391732:INFO: lists-dao-cloudant.getDbConnection(): Cloudant connection initialized.
[2021-06-18T16:19:51.735] [INFO] default - 1624013391735:INFO: Connect success! Connected to DB: material
[2021-06-18T16:19:51.825] [INFO] default - 1624013391825:INFO: items-dao-cloudant.getDbConnection(): Cloudant connection initialized.
[2021-06-18T17:16:32.642] [INFO] default - 1624016792642:INFO: items-dao-cloudant.getDbConnection(): Initializing Cloudant connection...
[2021-06-18T17:16:32.775] [INFO] default - 1624016792775:INFO: lists-dao-cloudant.getDbConnection(): Initializing Cloudant connection...
[2021-06-18T17:16:38.489] [INFO] default - 1624016798489:INFO: Connect success! Connected to DB: material
[2021-06-18T17:16:38.490] [INFO] default - 1624016798490:INFO: lists-dao-cloudant.getDbConnection(): Cloudant connection initialized.
[2021-06-18T17:16:38.530] [INFO] default - 1624016798530:INFO: Connect success! Connected to DB: material
[2021-06-18T17:16:38.612] [INFO] default - 1624016798612:INFO: items-dao-cloudant.getDbConnection(): Cloudant connection initialized.
[2021-06-18T17:53:29.505] [INFO] default - 1624019009505:INFO: items-dao-cloudant.getDbConnection(): Initializing Cloudant connection...
[2021-06-18T17:53:29.883] [INFO] default - 1624019009883:INFO: lists-dao-cloudant.getDbConnection(): Initializing Cloudant connection...
[2021-06-18T17:53:38.270] [INFO] default - 1624019018270:INFO: Connect success! Connected to DB: material
[2021-06-18T17:53:38.271] [INFO] default - 1624019018271:INFO: items-dao-cloudant.getDbConnection(): Cloudant connection initialized.
[2021-06-18T17:53:38.275] [INFO] default - 1624019018275:INFO: Connect success! Connected to DB: material
[2021-06-18T17:53:38.384] [INFO] default - 1624019018384:INFO: lists-dao-cloudant.getDbConnection(): Cloudant connection initialized.
